<?xml version="1.0" encoding="UTF-8"?>
<!-- Generated by org.testng.reporters.JUnitReportReporter -->
<testsuite hostname="SRIMAMID-IN" failures="0" tests="1" name="com.test.demo.TestDemo" time="23.886" errors="0" timestamp="15 Dec 2019 06:42:00 GMT" skipped="0">
  <testcase classname="com.test.demo.TestDemo" name="testSet" time="23.886"/>
</testsuite> <!-- com.test.demo.TestDemo -->
