<?xml version="1.0" encoding="UTF-8"?>
<!-- Generated by org.testng.reporters.JUnitReportReporter -->
<testsuite hostname="SRIMAMID-IN" failures="0" tests="1" name="com.crm.qa.testCases.HomePageTest" time="20.959" errors="0" timestamp="16 Dec 2019 01:30:07 GMT" skipped="0">
  <testcase classname="com.crm.qa.testCases.HomePageTest" name="verifyHomePageTitle" time="20.959"/>
</testsuite> <!-- com.crm.qa.testCases.HomePageTest -->
