<?xml version="1.0" encoding="UTF-8"?>
<!-- Generated by org.testng.reporters.JUnitReportReporter -->
<testsuite hostname="SRIMAMID-IN" failures="0" tests="2" name="com.crm.qa.testCases.LoginPageTest" time="30.255" errors="0" timestamp="16 Dec 2019 01:30:07 GMT" skipped="0">
  <testcase classname="com.crm.qa.testCases.LoginPageTest" name="loginTest" time="14.745"/>
  <testcase classname="com.crm.qa.testCases.LoginPageTest" name="loginPageTitleTest" time="15.510"/>
</testsuite> <!-- com.crm.qa.testCases.LoginPageTest -->
